# JRE version: OpenJDK Runtime Environment (8.0_302-b08) (build 1.8.0_302-b08)
# Java VM: OpenJDK 64-Bit Server VM (25.302-b08 mixed mode windows-amd64 compressed oops)
Heap:
 PSYoungGen      total 448000K, used 225207K [0x00000000e0000000, 0x00000000fcf00000, 0x0000000100000000)
  eden space 421888K, 51% used [0x00000000e0000000,0x00000000ed522c78,0x00000000f9c00000)
  from space 26112K, 26% used [0x00000000f9c00000,0x00000000fa2caf88,0x00000000fb580000)
  to   space 24576K, 0% used [0x00000000fb700000,0x00000000fb700000,0x00000000fcf00000)
 ParOldGen       total 156672K, used 115827K [0x00000000a0000000, 0x00000000a9900000, 0x00000000e0000000)
  object space 156672K, 73% used [0x00000000a0000000,0x00000000a711ce80,0x00000000a9900000)
 Metaspace       used 99856K, capacity 104654K, committed 104960K, reserved 1140736K
  class space    used 13298K, capacity 14172K, committed 14336K, reserved 1048576K
GC Heap History (10 events):
Event: 377.352 GC heap before
{Heap before GC invocations=55 (full 6):
 PSYoungGen      total 348160K, used 332032K [0x00000000e0000000, 0x00000000f7b80000, 0x0000000100000000)
  eden space 328192K, 100% used [0x00000000e0000000,0x00000000f4080000,0x00000000f4080000)
  from space 19968K, 19% used [0x00000000f6800000,0x00000000f6bc0000,0x00000000f7b80000)
  to   space 30208K, 0% used [0x00000000f4080000,0x00000000f4080000,0x00000000f5e00000)
 ParOldGen       total 156672K, used 100798K [0x00000000a0000000, 0x00000000a9900000, 0x00000000e0000000)
  object space 156672K, 64% used [0x00000000a0000000,0x00000000a626f8e8,0x00000000a9900000)
 Metaspace       used 99708K, capacity 104418K, committed 104704K, reserved 1140736K
  class space    used 13294K, capacity 14168K, committed 14336K, reserved 1048576K
Event: 377.372 GC heap after
Heap after GC invocations=55 (full 6):
 PSYoungGen      total 358400K, used 4613K [0x00000000e0000000, 0x00000000fa300000, 0x0000000100000000)
  eden space 328192K, 0% used [0x00000000e0000000,0x00000000e0000000,0x00000000f4080000)
  from space 30208K, 15% used [0x00000000f4080000,0x00000000f4501768,0x00000000f5e00000)
  to   space 28672K, 0% used [0x00000000f8700000,0x00000000f8700000,0x00000000fa300000)
 ParOldGen       total 156672K, used 104278K [0x00000000a0000000, 0x00000000a9900000, 0x00000000e0000000)
  object space 156672K, 66% used [0x00000000a0000000,0x00000000a65d5918,0x00000000a9900000)
 Metaspace       used 99708K, capacity 104418K, committed 104704K, reserved 1140736K
  class space    used 13294K, capacity 14168K, committed 14336K, reserved 1048576K
}
Event: 379.460 GC heap before
{Heap before GC invocations=56 (full 6):
 PSYoungGen      total 358400K, used 332805K [0x00000000e0000000, 0x00000000fa300000, 0x0000000100000000)
  eden space 328192K, 100% used [0x00000000e0000000,0x00000000f4080000,0x00000000f4080000)
  from space 30208K, 15% used [0x00000000f4080000,0x00000000f4501768,0x00000000f5e00000)
  to   space 28672K, 0% used [0x00000000f8700000,0x00000000f8700000,0x00000000fa300000)
 ParOldGen       total 156672K, used 104278K [0x00000000a0000000, 0x00000000a9900000, 0x00000000e0000000)
  object space 156672K, 66% used [0x00000000a0000000,0x00000000a65d5918,0x00000000a9900000)
 Metaspace       used 99748K, capacity 104494K, committed 104960K, reserved 1140736K
  class space    used 13294K, capacity 14168K, committed 14336K, reserved 1048576K
Event: 379.496 GC heap after
Heap after GC invocations=56 (full 6):
 PSYoungGen      total 397312K, used 4966K [0x00000000e0000000, 0x00000000fa080000, 0x0000000100000000)
  eden space 371200K, 0% used [0x00000000e0000000,0x00000000e0000000,0x00000000f6a80000)
  from space 26112K, 19% used [0x00000000f8700000,0x00000000f8bd9a70,0x00000000fa080000)
  to   space 27648K, 0% used [0x00000000f6a80000,0x00000000f6a80000,0x00000000f8580000)
 ParOldGen       total 156672K, used 106788K [0x00000000a0000000, 0x00000000a9900000, 0x00000000e0000000)
  object space 156672K, 68% used [0x00000000a0000000,0x00000000a6849328,0x00000000a9900000)
 Metaspace       used 99748K, capacity 104494K, committed 104960K, reserved 1140736K
  class space    used 13294K, capacity 14168K, committed 14336K, reserved 1048576K
}
Event: 381.096 GC heap before
{Heap before GC invocations=57 (full 6):
 PSYoungGen      total 397312K, used 376166K [0x00000000e0000000, 0x00000000fa080000, 0x0000000100000000)
  eden space 371200K, 100% used [0x00000000e0000000,0x00000000f6a80000,0x00000000f6a80000)
  from space 26112K, 19% used [0x00000000f8700000,0x00000000f8bd9a70,0x00000000fa080000)
  to   space 27648K, 0% used [0x00000000f6a80000,0x00000000f6a80000,0x00000000f8580000)
 ParOldGen       total 156672K, used 106788K [0x00000000a0000000, 0x00000000a9900000, 0x00000000e0000000)
  object space 156672K, 68% used [0x00000000a0000000,0x00000000a6849328,0x00000000a9900000)
 Metaspace       used 99778K, capacity 104506K, committed 104960K, reserved 1140736K
  class space    used 13295K, capacity 14170K, committed 14336K, reserved 1048576K
Event: 381.150 GC heap after
Heap after GC invocations=57 (full 6):
 PSYoungGen      total 398848K, used 10612K [0x00000000e0000000, 0x00000000fd100000, 0x0000000100000000)
  eden space 371200K, 0% used [0x00000000e0000000,0x00000000e0000000,0x00000000f6a80000)
  from space 27648K, 38% used [0x00000000f6a80000,0x00000000f74dd1b8,0x00000000f8580000)
  to   space 26624K, 0% used [0x00000000fb700000,0x00000000fb700000,0x00000000fd100000)
 ParOldGen       total 156672K, used 109412K [0x00000000a0000000, 0x00000000a9900000, 0x00000000e0000000)
  object space 156672K, 69% used [0x00000000a0000000,0x00000000a6ad92c0,0x00000000a9900000)
 Metaspace       used 99778K, capacity 104506K, committed 104960K, reserved 1140736K
  class space    used 13295K, capacity 14170K, committed 14336K, reserved 1048576K
}
Event: 383.258 GC heap before
{Heap before GC invocations=58 (full 6):
 PSYoungGen      total 398848K, used 381812K [0x00000000e0000000, 0x00000000fd100000, 0x0000000100000000)
  eden space 371200K, 100% used [0x00000000e0000000,0x00000000f6a80000,0x00000000f6a80000)
  from space 27648K, 38% used [0x00000000f6a80000,0x00000000f74dd1b8,0x00000000f8580000)
  to   space 26624K, 0% used [0x00000000fb700000,0x00000000fb700000,0x00000000fd100000)
 ParOldGen       total 156672K, used 109412K [0x00000000a0000000, 0x00000000a9900000, 0x00000000e0000000)
  object space 156672K, 69% used [0x00000000a0000000,0x00000000a6ad92c0,0x00000000a9900000)
 Metaspace       used 99798K, capacity 104518K, committed 104960K, reserved 1140736K
  class space    used 13297K, capacity 14172K, committed 14336K, reserved 1048576K
Event: 383.290 GC heap after
Heap after GC invocations=58 (full 6):
 PSYoungGen      total 446464K, used 2836K [0x00000000e0000000, 0x00000000fcf00000, 0x0000000100000000)
  eden space 421888K, 0% used [0x00000000e0000000,0x00000000e0000000,0x00000000f9c00000)
  from space 24576K, 11% used [0x00000000fb700000,0x00000000fb9c52f8,0x00000000fcf00000)
  to   space 26112K, 0% used [0x00000000f9c00000,0x00000000f9c00000,0x00000000fb580000)
 ParOldGen       total 156672K, used 114960K [0x00000000a0000000, 0x00000000a9900000, 0x00000000e0000000)
  object space 156672K, 73% used [0x00000000a0000000,0x00000000a70441c8,0x00000000a9900000)
 Metaspace       used 99798K, capacity 104518K, committed 104960K, reserved 1140736K
  class space    used 13297K, capacity 14172K, committed 14336K, reserved 1048576K
}
Event: 385.404 GC heap before
{Heap before GC invocations=59 (full 6):
 PSYoungGen      total 446464K, used 424724K [0x00000000e0000000, 0x00000000fcf00000, 0x0000000100000000)
  eden space 421888K, 100% used [0x00000000e0000000,0x00000000f9c00000,0x00000000f9c00000)
  from space 24576K, 11% used [0x00000000fb700000,0x00000000fb9c52f8,0x00000000fcf00000)
  to   space 26112K, 0% used [0x00000000f9c00000,0x00000000f9c00000,0x00000000fb580000)
 ParOldGen       total 156672K, used 114960K [0x00000000a0000000, 0x00000000a9900000, 0x00000000e0000000)
  object space 156672K, 73% used [0x00000000a0000000,0x00000000a70441c8,0x00000000a9900000)
 Metaspace       used 99822K, capacity 104522K, committed 104960K, reserved 1140736K
  class space    used 13297K, capacity 14172K, committed 14336K, reserved 1048576K
Event: 385.431 GC heap after
Heap after GC invocations=59 (full 6):
 PSYoungGen      total 448000K, used 6955K [0x00000000e0000000, 0x00000000fcf00000, 0x0000000100000000)
  eden space 421888K, 0% used [0x00000000e0000000,0x00000000e0000000,0x00000000f9c00000)
  from space 26112K, 26% used [0x00000000f9c00000,0x00000000fa2caf88,0x00000000fb580000)
  to   space 24576K, 0% used [0x00000000fb700000,0x00000000fb700000,0x00000000fcf00000)
 ParOldGen       total 156672K, used 115827K [0x00000000a0000000, 0x00000000a9900000, 0x00000000e0000000)
  object space 156672K, 73% used [0x00000000a0000000,0x00000000a711ce80,0x00000000a9900000)
 Metaspace       used 99822K, capacity 104522K, committed 104960K, reserved 1140736K
  class space    used 13297K, capacity 14172K, committed 14336K, reserved 1048576K
}

